Grammar

    0 $accept: rule_list $end

    1 rule_list: rule_list rule
    2          | %empty

    3 $@1: %empty

    4 rule: TOK_SIGNATURE TOK_IDENT $@1 '{' rule_attr_list '}'

    5 rule_attr_list: rule_attr_list rule_attr
    6               | %empty

    7 rule_attr: TOK_DST_IP TOK_COMP prefix_value_list
    8          | TOK_DST_PORT TOK_COMP value_list

    9 $@2: %empty

   10 $@3: %empty

   11 rule_attr: TOK_EVAL $@2 TOK_POLICY_SYMBOL $@3
   12          | TOK_HEADER hdr_expr
   13          | TOK_IP_OPTIONS ipoption_list
   14          | TOK_IP_PROTO TOK_COMP TOK_PROT
   15          | TOK_IP_PROTO TOK_COMP value_list
   16          | TOK_EVENT string
   17          | TOK_MIME string opt_strength
   18          | TOK_ENABLE TOK_STRING
   19          | TOK_DISABLE TOK_STRING
   20          | TOK_PATTERN_TYPE pattern
   21          | TOK_PATTERN_TYPE '[' rangeopt ']' pattern
   22          | TOK_PAYLOAD_SIZE TOK_COMP integer
   23          | TOK_REQUIRES_SIGNATURE TOK_IDENT
   24          | TOK_REQUIRES_SIGNATURE '!' TOK_IDENT
   25          | TOK_REQUIRES_REVERSE_SIGNATURE TOK_IDENT
   26          | TOK_REQUIRES_REVERSE_SIGNATURE '!' TOK_IDENT
   27          | TOK_SAME_IP
   28          | TOK_SRC_IP TOK_COMP prefix_value_list
   29          | TOK_SRC_PORT TOK_COMP value_list
   30          | TOK_TCP_STATE tcpstate_list
   31          | TOK_ACTIVE TOK_BOOL

   32 hdr_expr: TOK_PROT '[' range ']' '&' integer TOK_COMP value
   33         | TOK_PROT '[' range ']' TOK_COMP value_list

   34 value_list: value_list ',' value
   35           | value_list ',' TOK_IDENT
   36           | value
   37           | TOK_IDENT

   38 prefix_value_list: prefix_value_list ',' prefix_value
   39                  | prefix_value_list ',' TOK_IDENT
   40                  | prefix_value
   41                  | TOK_IDENT

   42 prefix_value: TOK_IP
   43             | TOK_IP6

   44 value: TOK_INT
   45      | TOK_IP

   46 rangeopt: range
   47         | ':' integer
   48         | integer ':'

   49 range: integer
   50      | integer ':' integer

   51 ipoption_list: ipoption_list ',' TOK_IP_OPTION_SYM
   52              | TOK_IP_OPTION_SYM

   53 tcpstate_list: tcpstate_list ',' TOK_TCP_STATE_SYM
   54              | TOK_TCP_STATE_SYM

   55 integer: TOK_INT
   56        | TOK_IDENT

   57 opt_negate: '-'
   58           | %empty

   59 opt_strength: ',' opt_negate TOK_INT
   60             | %empty

   61 string: TOK_STRING
   62       | TOK_IDENT

   63 pattern: TOK_PATTERN
   64        | TOK_IDENT


Terminals, with rules where they appear

$end (0) 0
'!' (33) 24 26
'&' (38) 32
',' (44) 34 35 38 39 51 53 59
'-' (45) 57
':' (58) 47 48 50
'[' (91) 21 32 33
']' (93) 21 32 33
'{' (123) 4
'}' (125) 4
error (256)
TOK_COMP (258) 7 8 14 15 22 28 29 32 33
TOK_DISABLE (259) 19
TOK_DST_IP (260) 7
TOK_DST_PORT (261) 8
TOK_ENABLE (262) 18
TOK_EVAL (263) 11
TOK_EVENT (264) 16
TOK_MIME (265) 17
TOK_HEADER (266) 12
TOK_IDENT (267) 4 23 24 25 26 35 37 39 41 56 62 64
TOK_INT (268) 44 55 59
TOK_IP (269) 42 45
TOK_IP6 (270) 43
TOK_IP_OPTIONS (271) 13
TOK_IP_OPTION_SYM (272) 51 52
TOK_IP_PROTO (273) 14 15
TOK_PATTERN (274) 63
TOK_PATTERN_TYPE (275) 20 21
TOK_PAYLOAD_SIZE (276) 22
TOK_PROT (277) 14 32 33
TOK_REQUIRES_SIGNATURE (278) 23 24
TOK_REQUIRES_REVERSE_SIGNATURE (279) 25 26
TOK_SIGNATURE (280) 4
TOK_SAME_IP (281) 27
TOK_SRC_IP (282) 28
TOK_SRC_PORT (283) 29
TOK_TCP_STATE (284) 30
TOK_STRING (285) 18 19 61
TOK_TCP_STATE_SYM (286) 53 54
TOK_ACTIVE (287) 31
TOK_BOOL (288) 31
TOK_POLICY_SYMBOL (289) 11


Nonterminals, with rules where they appear

$accept (44)
    on left: 0
rule_list (45)
    on left: 1 2, on right: 0 1
rule (46)
    on left: 4, on right: 1
$@1 (47)
    on left: 3, on right: 4
rule_attr_list (48)
    on left: 5 6, on right: 4 5
rule_attr (49)
    on left: 7 8 11 12 13 14 15 16 17 18 19 20 21 22 23 24 25 26 27
    28 29 30 31, on right: 5
$@2 (50)
    on left: 9, on right: 11
$@3 (51)
    on left: 10, on right: 11
hdr_expr (52)
    on left: 32 33, on right: 12
value_list (53)
    on left: 34 35 36 37, on right: 8 15 29 33 34 35
prefix_value_list (54)
    on left: 38 39 40 41, on right: 7 28 38 39
prefix_value (55)
    on left: 42 43, on right: 38 40
value (56)
    on left: 44 45, on right: 32 34 36
rangeopt (57)
    on left: 46 47 48, on right: 21
range (58)
    on left: 49 50, on right: 32 33 46
ipoption_list (59)
    on left: 51 52, on right: 13 51
tcpstate_list (60)
    on left: 53 54, on right: 30 53
integer (61)
    on left: 55 56, on right: 22 32 47 48 49 50
opt_negate (62)
    on left: 57 58, on right: 59
opt_strength (63)
    on left: 59 60, on right: 17
string (64)
    on left: 61 62, on right: 16 17
pattern (65)
    on left: 63 64, on right: 20 21


State 0

    0 $accept: . rule_list $end

    $default  reduce using rule 2 (rule_list)

    rule_list  go to state 1


State 1

    0 $accept: rule_list . $end
    1 rule_list: rule_list . rule

    $end           shift, and go to state 2
    TOK_SIGNATURE  shift, and go to state 3

    rule  go to state 4


State 2

    0 $accept: rule_list $end .

    $default  accept


State 3

    4 rule: TOK_SIGNATURE . TOK_IDENT $@1 '{' rule_attr_list '}'

    TOK_IDENT  shift, and go to state 5


State 4

    1 rule_list: rule_list rule .

    $default  reduce using rule 1 (rule_list)


State 5

    4 rule: TOK_SIGNATURE TOK_IDENT . $@1 '{' rule_attr_list '}'

    $default  reduce using rule 3 ($@1)

    $@1  go to state 6


State 6

    4 rule: TOK_SIGNATURE TOK_IDENT $@1 . '{' rule_attr_list '}'

    '{'  shift, and go to state 7


State 7

    4 rule: TOK_SIGNATURE TOK_IDENT $@1 '{' . rule_attr_list '}'

    $default  reduce using rule 6 (rule_attr_list)

    rule_attr_list  go to state 8


State 8

    4 rule: TOK_SIGNATURE TOK_IDENT $@1 '{' rule_attr_list . '}'
    5 rule_attr_list: rule_attr_list . rule_attr

    TOK_DISABLE                     shift, and go to state 9
    TOK_DST_IP                      shift, and go to state 10
    TOK_DST_PORT                    shift, and go to state 11
    TOK_ENABLE                      shift, and go to state 12
    TOK_EVAL                        shift, and go to state 13
    TOK_EVENT                       shift, and go to state 14
    TOK_MIME                        shift, and go to state 15
    TOK_HEADER                      shift, and go to state 16
    TOK_IP_OPTIONS                  shift, and go to state 17
    TOK_IP_PROTO                    shift, and go to state 18
    TOK_PATTERN_TYPE                shift, and go to state 19
    TOK_PAYLOAD_SIZE                shift, and go to state 20
    TOK_REQUIRES_SIGNATURE          shift, and go to state 21
    TOK_REQUIRES_REVERSE_SIGNATURE  shift, and go to state 22
    TOK_SAME_IP                     shift, and go to state 23
    TOK_SRC_IP                      shift, and go to state 24
    TOK_SRC_PORT                    shift, and go to state 25
    TOK_TCP_STATE                   shift, and go to state 26
    TOK_ACTIVE                      shift, and go to state 27
    '}'                             shift, and go to state 28

    rule_attr  go to state 29


State 9

   19 rule_attr: TOK_DISABLE . TOK_STRING

    TOK_STRING  shift, and go to state 30


State 10

    7 rule_attr: TOK_DST_IP . TOK_COMP prefix_value_list

    TOK_COMP  shift, and go to state 31


State 11

    8 rule_attr: TOK_DST_PORT . TOK_COMP value_list

    TOK_COMP  shift, and go to state 32


State 12

   18 rule_attr: TOK_ENABLE . TOK_STRING

    TOK_STRING  shift, and go to state 33


State 13

   11 rule_attr: TOK_EVAL . $@2 TOK_POLICY_SYMBOL $@3

    $default  reduce using rule 9 ($@2)

    $@2  go to state 34


State 14

   16 rule_attr: TOK_EVENT . string

    TOK_IDENT   shift, and go to state 35
    TOK_STRING  shift, and go to state 36

    string  go to state 37


State 15

   17 rule_attr: TOK_MIME . string opt_strength

    TOK_IDENT   shift, and go to state 35
    TOK_STRING  shift, and go to state 36

    string  go to state 38


State 16

   12 rule_attr: TOK_HEADER . hdr_expr

    TOK_PROT  shift, and go to state 39

    hdr_expr  go to state 40


State 17

   13 rule_attr: TOK_IP_OPTIONS . ipoption_list

    TOK_IP_OPTION_SYM  shift, and go to state 41

    ipoption_list  go to state 42


State 18

   14 rule_attr: TOK_IP_PROTO . TOK_COMP TOK_PROT
   15          | TOK_IP_PROTO . TOK_COMP value_list

    TOK_COMP  shift, and go to state 43


State 19

   20 rule_attr: TOK_PATTERN_TYPE . pattern
   21          | TOK_PATTERN_TYPE . '[' rangeopt ']' pattern

    TOK_IDENT    shift, and go to state 44
    TOK_PATTERN  shift, and go to state 45
    '['          shift, and go to state 46

    pattern  go to state 47


State 20

   22 rule_attr: TOK_PAYLOAD_SIZE . TOK_COMP integer

    TOK_COMP  shift, and go to state 48


State 21

   23 rule_attr: TOK_REQUIRES_SIGNATURE . TOK_IDENT
   24          | TOK_REQUIRES_SIGNATURE . '!' TOK_IDENT

    TOK_IDENT  shift, and go to state 49
    '!'        shift, and go to state 50


State 22

   25 rule_attr: TOK_REQUIRES_REVERSE_SIGNATURE . TOK_IDENT
   26          | TOK_REQUIRES_REVERSE_SIGNATURE . '!' TOK_IDENT

    TOK_IDENT  shift, and go to state 51
    '!'        shift, and go to state 52


State 23

   27 rule_attr: TOK_SAME_IP .

    $default  reduce using rule 27 (rule_attr)


State 24

   28 rule_attr: TOK_SRC_IP . TOK_COMP prefix_value_list

    TOK_COMP  shift, and go to state 53


State 25

   29 rule_attr: TOK_SRC_PORT . TOK_COMP value_list

    TOK_COMP  shift, and go to state 54


State 26

   30 rule_attr: TOK_TCP_STATE . tcpstate_list

    TOK_TCP_STATE_SYM  shift, and go to state 55

    tcpstate_list  go to state 56


State 27

   31 rule_attr: TOK_ACTIVE . TOK_BOOL

    TOK_BOOL  shift, and go to state 57


State 28

    4 rule: TOK_SIGNATURE TOK_IDENT $@1 '{' rule_attr_list '}' .

    $default  reduce using rule 4 (rule)


State 29

    5 rule_attr_list: rule_attr_list rule_attr .

    $default  reduce using rule 5 (rule_attr_list)


State 30

   19 rule_attr: TOK_DISABLE TOK_STRING .

    $default  reduce using rule 19 (rule_attr)


State 31

    7 rule_attr: TOK_DST_IP TOK_COMP . prefix_value_list

    TOK_IDENT  shift, and go to state 58
    TOK_IP     shift, and go to state 59
    TOK_IP6    shift, and go to state 60

    prefix_value_list  go to state 61
    prefix_value       go to state 62


State 32

    8 rule_attr: TOK_DST_PORT TOK_COMP . value_list

    TOK_IDENT  shift, and go to state 63
    TOK_INT    shift, and go to state 64
    TOK_IP     shift, and go to state 65

    value_list  go to state 66
    value       go to state 67


State 33

   18 rule_attr: TOK_ENABLE TOK_STRING .

    $default  reduce using rule 18 (rule_attr)


State 34

   11 rule_attr: TOK_EVAL $@2 . TOK_POLICY_SYMBOL $@3

    TOK_POLICY_SYMBOL  shift, and go to state 68


State 35

   62 string: TOK_IDENT .

    $default  reduce using rule 62 (string)


State 36

   61 string: TOK_STRING .

    $default  reduce using rule 61 (string)


State 37

   16 rule_attr: TOK_EVENT string .

    $default  reduce using rule 16 (rule_attr)


State 38

   17 rule_attr: TOK_MIME string . opt_strength

    ','  shift, and go to state 69

    $default  reduce using rule 60 (opt_strength)

    opt_strength  go to state 70


State 39

   32 hdr_expr: TOK_PROT . '[' range ']' '&' integer TOK_COMP value
   33         | TOK_PROT . '[' range ']' TOK_COMP value_list

    '['  shift, and go to state 71


State 40

   12 rule_attr: TOK_HEADER hdr_expr .

    $default  reduce using rule 12 (rule_attr)


State 41

   52 ipoption_list: TOK_IP_OPTION_SYM .

    $default  reduce using rule 52 (ipoption_list)


State 42

   13 rule_attr: TOK_IP_OPTIONS ipoption_list .
   51 ipoption_list: ipoption_list . ',' TOK_IP_OPTION_SYM

    ','  shift, and go to state 72

    $default  reduce using rule 13 (rule_attr)


State 43

   14 rule_attr: TOK_IP_PROTO TOK_COMP . TOK_PROT
   15          | TOK_IP_PROTO TOK_COMP . value_list

    TOK_IDENT  shift, and go to state 63
    TOK_INT    shift, and go to state 64
    TOK_IP     shift, and go to state 65
    TOK_PROT   shift, and go to state 73

    value_list  go to state 74
    value       go to state 67


State 44

   64 pattern: TOK_IDENT .

    $default  reduce using rule 64 (pattern)


State 45

   63 pattern: TOK_PATTERN .

    $default  reduce using rule 63 (pattern)


State 46

   21 rule_attr: TOK_PATTERN_TYPE '[' . rangeopt ']' pattern

    TOK_IDENT  shift, and go to state 75
    TOK_INT    shift, and go to state 76
    ':'        shift, and go to state 77

    rangeopt  go to state 78
    range     go to state 79
    integer   go to state 80


State 47

   20 rule_attr: TOK_PATTERN_TYPE pattern .

    $default  reduce using rule 20 (rule_attr)


State 48

   22 rule_attr: TOK_PAYLOAD_SIZE TOK_COMP . integer

    TOK_IDENT  shift, and go to state 75
    TOK_INT    shift, and go to state 76

    integer  go to state 81


State 49

   23 rule_attr: TOK_REQUIRES_SIGNATURE TOK_IDENT .

    $default  reduce using rule 23 (rule_attr)


State 50

   24 rule_attr: TOK_REQUIRES_SIGNATURE '!' . TOK_IDENT

    TOK_IDENT  shift, and go to state 82


State 51

   25 rule_attr: TOK_REQUIRES_REVERSE_SIGNATURE TOK_IDENT .

    $default  reduce using rule 25 (rule_attr)


State 52

   26 rule_attr: TOK_REQUIRES_REVERSE_SIGNATURE '!' . TOK_IDENT

    TOK_IDENT  shift, and go to state 83


State 53

   28 rule_attr: TOK_SRC_IP TOK_COMP . prefix_value_list

    TOK_IDENT  shift, and go to state 58
    TOK_IP     shift, and go to state 59
    TOK_IP6    shift, and go to state 60

    prefix_value_list  go to state 84
    prefix_value       go to state 62


State 54

   29 rule_attr: TOK_SRC_PORT TOK_COMP . value_list

    TOK_IDENT  shift, and go to state 63
    TOK_INT    shift, and go to state 64
    TOK_IP     shift, and go to state 65

    value_list  go to state 85
    value       go to state 67


State 55

   54 tcpstate_list: TOK_TCP_STATE_SYM .

    $default  reduce using rule 54 (tcpstate_list)


State 56

   30 rule_attr: TOK_TCP_STATE tcpstate_list .
   53 tcpstate_list: tcpstate_list . ',' TOK_TCP_STATE_SYM

    ','  shift, and go to state 86

    $default  reduce using rule 30 (rule_attr)


State 57

   31 rule_attr: TOK_ACTIVE TOK_BOOL .

    $default  reduce using rule 31 (rule_attr)


State 58

   41 prefix_value_list: TOK_IDENT .

    $default  reduce using rule 41 (prefix_value_list)


State 59

   42 prefix_value: TOK_IP .

    $default  reduce using rule 42 (prefix_value)


State 60

   43 prefix_value: TOK_IP6 .

    $default  reduce using rule 43 (prefix_value)


State 61

    7 rule_attr: TOK_DST_IP TOK_COMP prefix_value_list .
   38 prefix_value_list: prefix_value_list . ',' prefix_value
   39                  | prefix_value_list . ',' TOK_IDENT

    ','  shift, and go to state 87

    $default  reduce using rule 7 (rule_attr)


State 62

   40 prefix_value_list: prefix_value .

    $default  reduce using rule 40 (prefix_value_list)


State 63

   37 value_list: TOK_IDENT .

    $default  reduce using rule 37 (value_list)


State 64

   44 value: TOK_INT .

    $default  reduce using rule 44 (value)


State 65

   45 value: TOK_IP .

    $default  reduce using rule 45 (value)


State 66

    8 rule_attr: TOK_DST_PORT TOK_COMP value_list .
   34 value_list: value_list . ',' value
   35           | value_list . ',' TOK_IDENT

    ','  shift, and go to state 88

    $default  reduce using rule 8 (rule_attr)


State 67

   36 value_list: value .

    $default  reduce using rule 36 (value_list)


State 68

   11 rule_attr: TOK_EVAL $@2 TOK_POLICY_SYMBOL . $@3

    $default  reduce using rule 10 ($@3)

    $@3  go to state 89


State 69

   59 opt_strength: ',' . opt_negate TOK_INT

    '-'  shift, and go to state 90

    $default  reduce using rule 58 (opt_negate)

    opt_negate  go to state 91


State 70

   17 rule_attr: TOK_MIME string opt_strength .

    $default  reduce using rule 17 (rule_attr)


State 71

   32 hdr_expr: TOK_PROT '[' . range ']' '&' integer TOK_COMP value
   33         | TOK_PROT '[' . range ']' TOK_COMP value_list

    TOK_IDENT  shift, and go to state 75
    TOK_INT    shift, and go to state 76

    range    go to state 92
    integer  go to state 93


State 72

   51 ipoption_list: ipoption_list ',' . TOK_IP_OPTION_SYM

    TOK_IP_OPTION_SYM  shift, and go to state 94


State 73

   14 rule_attr: TOK_IP_PROTO TOK_COMP TOK_PROT .

    $default  reduce using rule 14 (rule_attr)


State 74

   15 rule_attr: TOK_IP_PROTO TOK_COMP value_list .
   34 value_list: value_list . ',' value
   35           | value_list . ',' TOK_IDENT

    ','  shift, and go to state 88

    $default  reduce using rule 15 (rule_attr)


State 75

   56 integer: TOK_IDENT .

    $default  reduce using rule 56 (integer)


State 76

   55 integer: TOK_INT .

    $default  reduce using rule 55 (integer)


State 77

   47 rangeopt: ':' . integer

    TOK_IDENT  shift, and go to state 75
    TOK_INT    shift, and go to state 76

    integer  go to state 95


State 78

   21 rule_attr: TOK_PATTERN_TYPE '[' rangeopt . ']' pattern

    ']'  shift, and go to state 96


State 79

   46 rangeopt: range .

    $default  reduce using rule 46 (rangeopt)


State 80

   48 rangeopt: integer . ':'
   49 range: integer .
   50      | integer . ':' integer

    ':'  shift, and go to state 97

    $default  reduce using rule 49 (range)


State 81

   22 rule_attr: TOK_PAYLOAD_SIZE TOK_COMP integer .

    $default  reduce using rule 22 (rule_attr)


State 82

   24 rule_attr: TOK_REQUIRES_SIGNATURE '!' TOK_IDENT .

    $default  reduce using rule 24 (rule_attr)


State 83

   26 rule_attr: TOK_REQUIRES_REVERSE_SIGNATURE '!' TOK_IDENT .

    $default  reduce using rule 26 (rule_attr)


State 84

   28 rule_attr: TOK_SRC_IP TOK_COMP prefix_value_list .
   38 prefix_value_list: prefix_value_list . ',' prefix_value
   39                  | prefix_value_list . ',' TOK_IDENT

    ','  shift, and go to state 87

    $default  reduce using rule 28 (rule_attr)


State 85

   29 rule_attr: TOK_SRC_PORT TOK_COMP value_list .
   34 value_list: value_list . ',' value
   35           | value_list . ',' TOK_IDENT

    ','  shift, and go to state 88

    $default  reduce using rule 29 (rule_attr)


State 86

   53 tcpstate_list: tcpstate_list ',' . TOK_TCP_STATE_SYM

    TOK_TCP_STATE_SYM  shift, and go to state 98


State 87

   38 prefix_value_list: prefix_value_list ',' . prefix_value
   39                  | prefix_value_list ',' . TOK_IDENT

    TOK_IDENT  shift, and go to state 99
    TOK_IP     shift, and go to state 59
    TOK_IP6    shift, and go to state 60

    prefix_value  go to state 100


State 88

   34 value_list: value_list ',' . value
   35           | value_list ',' . TOK_IDENT

    TOK_IDENT  shift, and go to state 101
    TOK_INT    shift, and go to state 64
    TOK_IP     shift, and go to state 65

    value  go to state 102


State 89

   11 rule_attr: TOK_EVAL $@2 TOK_POLICY_SYMBOL $@3 .

    $default  reduce using rule 11 (rule_attr)


State 90

   57 opt_negate: '-' .

    $default  reduce using rule 57 (opt_negate)


State 91

   59 opt_strength: ',' opt_negate . TOK_INT

    TOK_INT  shift, and go to state 103


State 92

   32 hdr_expr: TOK_PROT '[' range . ']' '&' integer TOK_COMP value
   33         | TOK_PROT '[' range . ']' TOK_COMP value_list

    ']'  shift, and go to state 104


State 93

   49 range: integer .
   50      | integer . ':' integer

    ':'  shift, and go to state 105

    $default  reduce using rule 49 (range)


State 94

   51 ipoption_list: ipoption_list ',' TOK_IP_OPTION_SYM .

    $default  reduce using rule 51 (ipoption_list)


State 95

   47 rangeopt: ':' integer .

    $default  reduce using rule 47 (rangeopt)


State 96

   21 rule_attr: TOK_PATTERN_TYPE '[' rangeopt ']' . pattern

    TOK_IDENT    shift, and go to state 44
    TOK_PATTERN  shift, and go to state 45

    pattern  go to state 106


State 97

   48 rangeopt: integer ':' .
   50 range: integer ':' . integer

    TOK_IDENT  shift, and go to state 75
    TOK_INT    shift, and go to state 76

    $default  reduce using rule 48 (rangeopt)

    integer  go to state 107


State 98

   53 tcpstate_list: tcpstate_list ',' TOK_TCP_STATE_SYM .

    $default  reduce using rule 53 (tcpstate_list)


State 99

   39 prefix_value_list: prefix_value_list ',' TOK_IDENT .

    $default  reduce using rule 39 (prefix_value_list)


State 100

   38 prefix_value_list: prefix_value_list ',' prefix_value .

    $default  reduce using rule 38 (prefix_value_list)


State 101

   35 value_list: value_list ',' TOK_IDENT .

    $default  reduce using rule 35 (value_list)


State 102

   34 value_list: value_list ',' value .

    $default  reduce using rule 34 (value_list)


State 103

   59 opt_strength: ',' opt_negate TOK_INT .

    $default  reduce using rule 59 (opt_strength)


State 104

   32 hdr_expr: TOK_PROT '[' range ']' . '&' integer TOK_COMP value
   33         | TOK_PROT '[' range ']' . TOK_COMP value_list

    TOK_COMP  shift, and go to state 108
    '&'       shift, and go to state 109


State 105

   50 range: integer ':' . integer

    TOK_IDENT  shift, and go to state 75
    TOK_INT    shift, and go to state 76

    integer  go to state 107


State 106

   21 rule_attr: TOK_PATTERN_TYPE '[' rangeopt ']' pattern .

    $default  reduce using rule 21 (rule_attr)


State 107

   50 range: integer ':' integer .

    $default  reduce using rule 50 (range)


State 108

   33 hdr_expr: TOK_PROT '[' range ']' TOK_COMP . value_list

    TOK_IDENT  shift, and go to state 63
    TOK_INT    shift, and go to state 64
    TOK_IP     shift, and go to state 65

    value_list  go to state 110
    value       go to state 67


State 109

   32 hdr_expr: TOK_PROT '[' range ']' '&' . integer TOK_COMP value

    TOK_IDENT  shift, and go to state 75
    TOK_INT    shift, and go to state 76

    integer  go to state 111


State 110

   33 hdr_expr: TOK_PROT '[' range ']' TOK_COMP value_list .
   34 value_list: value_list . ',' value
   35           | value_list . ',' TOK_IDENT

    ','  shift, and go to state 88

    $default  reduce using rule 33 (hdr_expr)


State 111

   32 hdr_expr: TOK_PROT '[' range ']' '&' integer . TOK_COMP value

    TOK_COMP  shift, and go to state 112


State 112

   32 hdr_expr: TOK_PROT '[' range ']' '&' integer TOK_COMP . value

    TOK_INT  shift, and go to state 64
    TOK_IP   shift, and go to state 65

    value  go to state 113


State 113

   32 hdr_expr: TOK_PROT '[' range ']' '&' integer TOK_COMP value .

    $default  reduce using rule 32 (hdr_expr)
