#separator \x09
#set_separator	,
#empty_field	(empty)
#unset_field	-
#path	connection
#open	2015-05-04-18-57-53
#fields	orig_h	orig_p	resp_h	resp_p	isOrig	MP_ID
#types	addr	port	addr	port	bool	count
2a02:a03f:2214:b200:147:1f2:679d:1ecd	38620	2001:6a8:308f:1:216:3eff:fec5:c815	80	T	0
2a02:a03f:2214:b200:204:4bff:fe0a:54f9	38089	2001:6a8:308f:1:216:3eff:fec5:c815	80	F	0
2a02:a03f:2214:b200:147:1f2:679d:1ecd	52931	2604:a880:800:10::74:c001	80	T	1
2a02:a03f:2214:b200:147:1f2:679d:1ecd	52930	2604:a880:800:10::74:c001	80	T	2
2a02:a03f:2214:b200:204:4bff:fe0a:54f9	56172	2604:a880:800:10::74:c001	80	F	2
2a02:a03f:2214:b200:147:1f2:679d:1ecd	52716	2604:a880:800:10::74:c001	443	T	3
2a02:a03f:2214:b200:204:4bff:fe0a:54f9	54468	2604:a880:800:10::74:c001	443	F	3
2a02:a03f:2214:b200:147:1f2:679d:1ecd	38644	2001:6a8:308f:1:216:3eff:fec5:c815	80	T	4
2a02:a03f:2214:b200:204:4bff:fe0a:54f9	35972	2001:6a8:308f:1:216:3eff:fec5:c815	80	F	4
2a02:a03f:2214:b200:147:1f2:679d:1ecd	37842	2001:6a8:308f:1:216:3eff:fec5:c815	21	T	5
2a02:a03f:2214:b200:204:4bff:fe0a:54f9	35090	2001:6a8:308f:1:216:3eff:fec5:c815	21	F	5
2a02:a03f:2214:b200:147:1f2:679d:1ecd	53013	2001:6a8:308f:1:216:3eff:fec5:c815	49770	T	6
2a02:a03f:2214:b200:147:1f2:679d:1ecd	55243	2001:6a8:308f:1:216:3eff:fec5:c815	49545	T	7
2a02:a03f:2214:b200:204:4bff:fe0a:54f9	40886	2001:6a8:308f:1:216:3eff:fec5:c815	49545	F	7
#close	2015-05-04-18-57-54
